18:03:04: Creating resource group General
18:03:04: Creating resource group Internal
18:03:04: Creating resource group Autodetect
18:03:04: SceneManagerFactory for type 'DefaultSceneManager' registered.
18:03:04: Registering ResourceManager for type Material
18:03:04: Registering ResourceManager for type Mesh
18:03:04: Registering ResourceManager for type Skeleton
18:03:04: MovableObjectFactory for type 'ParticleSystem' registered.
18:03:04: ArchiveFactory for archive type FileSystem registered.
18:03:04: ArchiveFactory for archive type Zip registered.
18:03:04: ArchiveFactory for archive type EmbeddedZip registered.
18:03:04: DDS codec registering
18:03:04: FreeImage version: 3.17.0
18:03:04: This program uses FreeImage, a free, open source image library supporting all common bitmap formats. See http://freeimage.sourceforge.net for details
18:03:04: Supported formats: bmp,ico,jpg,jif,jpeg,jpe,jng,koa,iff,lbm,mng,pbm,pbm,pcd,pcx,pgm,pgm,png,ppm,ppm,ras,tga,targa,tif,tiff,wap,wbmp,wbm,psd,cut,xbm,xpm,gif,hdr,sgi,rgb,rgba,bw,exr,j2k,j2c,jp2,pfm,pct,pict,pic,3fr,arw,bay,bmq,cap,cine,cr2,crw,cs1,dc2,dcr,drf,dsc,dng,erf,fff,ia,iiq,k25,kc2,kdc,mdc,mef,mos,mrw,nef,nrw,orf,pef,ptx,pxn,qtk,raf,raw,rdc,rw2,rwl,rwz,sr2,srf,srw,sti,x3f,webp,jxr,wdp,hdp
18:03:04: PVRTC codec registering
18:03:04: ETC codec registering
18:03:04: Registering ResourceManager for type HighLevelGpuProgram
18:03:04: Registering ResourceManager for type Compositor
18:03:04: MovableObjectFactory for type 'Entity' registered.
18:03:04: MovableObjectFactory for type 'Light' registered.
18:03:04: MovableObjectFactory for type 'BillboardSet' registered.
18:03:04: MovableObjectFactory for type 'ManualObject' registered.
18:03:04: MovableObjectFactory for type 'BillboardChain' registered.
18:03:04: MovableObjectFactory for type 'RibbonTrail' registered.
18:03:04: OGRE EXCEPTION(6:FileNotFoundException): 'plugins.cfg' file not found! in ConfigFile::load at /build/ogre-1.9-mqY1wq/ogre-1.9-1.9.0+dfsg1/OgreMain/src/OgreConfigFile.cpp (line 82)
18:03:04: plugins.cfg not found, automatic plugin loading disabled.
18:03:04: *-*-* OGRE Initialising
18:03:04: *-*-* Version 1.9.0 (Ghadamon)
18:03:04: OverlayElementFactory for type Panel registered.
18:03:04: OverlayElementFactory for type BorderPanel registered.
18:03:04: OverlayElementFactory for type TextArea registered.
18:03:04: Registering ResourceManager for type Font
18:03:04: Loading library /usr/lib/x86_64-linux-gnu/OGRE-1.9.0/RenderSystem_GL.so
18:03:04: Installing plugin: GL RenderSystem
18:03:04: OpenGL Rendering Subsystem created.
18:03:04: Plugin successfully installed
18:03:04: Loading library /usr/lib/x86_64-linux-gnu/OGRE-1.9.0/Plugin_ParticleFX.so
18:03:04: Installing plugin: ParticleFX
18:03:04: Particle Emitter Type 'Point' registered
18:03:04: Particle Emitter Type 'Box' registered
18:03:04: Particle Emitter Type 'Ellipsoid' registered
18:03:04: Particle Emitter Type 'Cylinder' registered
18:03:04: Particle Emitter Type 'Ring' registered
18:03:04: Particle Emitter Type 'HollowEllipsoid' registered
18:03:04: Particle Affector Type 'LinearForce' registered
18:03:04: Particle Affector Type 'ColourFader' registered
18:03:04: Particle Affector Type 'ColourFader2' registered
18:03:04: Particle Affector Type 'ColourImage' registered
18:03:04: Particle Affector Type 'ColourInterpolator' registered
18:03:04: Particle Affector Type 'Scaler' registered
18:03:04: Particle Affector Type 'Rotator' registered
18:03:04: Particle Affector Type 'DirectionRandomiser' registered
18:03:04: Particle Affector Type 'DeflectorPlane' registered
18:03:04: Plugin successfully installed
18:03:04: Loading library /usr/lib/x86_64-linux-gnu/OGRE-1.9.0/Plugin_BSPSceneManager.so
18:03:04: Installing plugin: BSP Scene Manager
18:03:04: Plugin successfully installed
18:03:04: Loading library /usr/lib/x86_64-linux-gnu/OGRE-1.9.0/Plugin_OctreeSceneManager.so
18:03:04: Installing plugin: Octree Scene Manager
18:03:04: Plugin successfully installed
18:03:04: CPU Identifier & Features
18:03:04: -------------------------
18:03:04:  *   CPU ID: GenuineIntel: Intel(R) Core(TM) i5-4258U CPU @ 2.40GHz
18:03:04:  *      SSE: yes
18:03:04:  *     SSE2: yes
18:03:04:  *     SSE3: yes
18:03:04:  *      MMX: yes
18:03:04:  *   MMXEXT: yes
18:03:04:  *    3DNOW: no
18:03:04:  * 3DNOWEXT: no
18:03:04:  *     CMOV: yes
18:03:04:  *      TSC: yes
18:03:04:  *      FPU: yes
18:03:04:  *      PRO: yes
18:03:04:  *       HT: no
18:03:04: -------------------------
18:03:04: ******************************
*** Starting GLX Subsystem ***
******************************
18:03:04: Registering ResourceManager for type Texture
18:03:04: Added resource location '/usr/share/gazebo-7/' of type 'FileSystem' to resource group 'General'
18:03:04: Added resource location '/usr/share/gazebo-7/media' of type 'FileSystem' to resource group 'General'
18:03:04: Creating resource group SkyX
18:03:04: Added resource location '/usr/share/gazebo-7/media/skyx' of type 'FileSystem' to resource group 'SkyX'
18:03:04: Added resource location '/usr/share/gazebo-7/media/rtshaderlib' of type 'FileSystem' to resource group 'General'
18:03:04: Added resource location '/usr/share/gazebo-7/media/materials/programs' of type 'FileSystem' to resource group 'General'
18:03:04: Added resource location '/usr/share/gazebo-7/media/materials/scripts' of type 'FileSystem' to resource group 'General'
18:03:04: Added resource location '/usr/share/gazebo-7/media/materials/textures' of type 'FileSystem' to resource group 'General'
18:03:04: Added resource location '/usr/share/gazebo-7/media/media/models' of type 'FileSystem' to resource group 'General'
18:03:04: Creating resource group Fonts
18:03:04: Added resource location '/usr/share/gazebo-7/media/fonts' of type 'FileSystem' to resource group 'Fonts'
18:03:04: Creating resource group LookNFeel
18:03:04: Added resource location '/usr/share/gazebo-7/media/gui/looknfeel' of type 'FileSystem' to resource group 'LookNFeel'
18:03:04: Creating resource group Schemes
18:03:04: Added resource location '/usr/share/gazebo-7/media/gui/schemes' of type 'FileSystem' to resource group 'Schemes'
18:03:04: Creating resource group Imagesets
18:03:04: Added resource location '/usr/share/gazebo-7/media/gui/imagesets' of type 'FileSystem' to resource group 'Imagesets'
18:03:04: Added resource location '/usr/share/gazebo-7/media/gui/fonts' of type 'FileSystem' to resource group 'Fonts'
18:03:04: Creating resource group Layouts
18:03:04: Added resource location '/usr/share/gazebo-7/media/gui/layouts' of type 'FileSystem' to resource group 'Layouts'
18:03:04: Creating resource group Animations
18:03:04: Added resource location '/usr/share/gazebo-7/media/gui/animations' of type 'FileSystem' to resource group 'Animations'
18:03:04: Added resource location '/usr/share/gazebo-7/Media' of type 'FileSystem' to resource group 'General'
18:03:04: Added resource location '/usr/share/gazebo-7/Media/skyx' of type 'FileSystem' to resource group 'SkyX'
18:03:04: Added resource location '/usr/share/gazebo-7/Media/rtshaderlib' of type 'FileSystem' to resource group 'General'
18:03:04: Added resource location '/usr/share/gazebo-7/Media/materials/programs' of type 'FileSystem' to resource group 'General'
18:03:04: Added resource location '/usr/share/gazebo-7/Media/materials/scripts' of type 'FileSystem' to resource group 'General'
18:03:04: Added resource location '/usr/share/gazebo-7/Media/materials/textures' of type 'FileSystem' to resource group 'General'
18:03:04: Added resource location '/usr/share/gazebo-7/Media/media/models' of type 'FileSystem' to resource group 'General'
18:03:04: Added resource location '/usr/share/gazebo-7/Media/fonts' of type 'FileSystem' to resource group 'Fonts'
18:03:04: Added resource location '/usr/share/gazebo-7/Media/gui/looknfeel' of type 'FileSystem' to resource group 'LookNFeel'
18:03:04: Added resource location '/usr/share/gazebo-7/Media/gui/schemes' of type 'FileSystem' to resource group 'Schemes'
18:03:04: Added resource location '/usr/share/gazebo-7/Media/gui/imagesets' of type 'FileSystem' to resource group 'Imagesets'
18:03:04: Added resource location '/usr/share/gazebo-7/Media/gui/fonts' of type 'FileSystem' to resource group 'Fonts'
18:03:04: Added resource location '/usr/share/gazebo-7/Media/gui/layouts' of type 'FileSystem' to resource group 'Layouts'
18:03:04: Added resource location '/usr/share/gazebo-7/Media/gui/animations' of type 'FileSystem' to resource group 'Animations'
18:03:04: GLRenderSystem::_createRenderWindow "OgreWindow(0)", 1x1 windowed  miscParams: FSAA=4 border=none macAPI=carbon parentWindowHandle=56623105 stereoMode=Frame Sequential 
18:03:04: GLXWindow::create used FBConfigID = 106
18:03:04: GL_VERSION = 2.1 INTEL-10.28.26
18:03:04: GL_VENDOR = Parallels and Intel Inc.
18:03:04: GL_RENDERER = Parallels using Intel Iris OpenGL Engine
18:03:04: GL_EXTENSIONS = GL_EXT_texture3D GL_ARB_color_buffer_float GL_ARB_depth_buffer_float GL_ARB_depth_texture GL_ARB_draw_buffers GL_ARB_draw_instanced GL_ARB_fragment_program GL_ARB_fragment_program_shadow GL_ARB_fragment_shader GL_ARB_framebuffer_object GL_ARB_framebuffer_sRGB GL_ARB_half_float_pixel GL_ARB_half_float_vertex GL_ARB_multisample GL_ARB_multitexture GL_ARB_occlusion_query GL_ARB_pixel_buffer_object GL_ARB_point_parameters GL_ARB_point_sprite GL_ARB_shader_objects GL_ARB_shader_texture_lod GL_ARB_shading_language_100 GL_ARB_shadow GL_ARB_texture_border_clamp GL_ARB_texture_compression GL_ARB_texture_compression_rgtc GL_ARB_texture_cube_map GL_ARB_texture_env_add GL_ARB_texture_env_combine GL_ARB_texture_env_crossbar GL_ARB_texture_env_dot3 GL_ARB_texture_float GL_ARB_texture_mirrored_repeat GL_ARB_texture_non_power_of_two GL_ARB_texture_rectangle GL_ARB_texture_rg GL_ARB_transpose_matrix GL_ARB_vertex_blend GL_ARB_vertex_buffer_object GL_ARB_vertex_program GL_ARB_vertex_shader GL_ARB_window_pos GL_EXT_abgr GL_EXT_bgra GL_EXT_blend_color GL_EXT_blend_equation_separate GL_EXT_blend_func_separate GL_EXT_blend_minmax GL_EXT_blend_subtract GL_EXT_clip_volume_hint GL_EXT_draw_buffers2 GL_EXT_draw_range_elements GL_EXT_fog_coord GL_EXT_framebuffer_blit GL_EXT_framebuffer_multisample GL_EXT_framebuffer_object GL_EXT_framebuffer_sRGB GL_EXT_geometry_shader4 GL_EXT_gpu_program_parameters GL_EXT_gpu_shader4 GL_EXT_multi_draw_arrays GL_EXT_packed_depth_stencil GL_EXT_packed_float GL_EXT_provoking_vertex GL_EXT_rescale_normal GL_EXT_secondary_color GL_EXT_separate_specular_color GL_EXT_shadow_funcs GL_EXT_stencil_two_side GL_EXT_stencil_wrap GL_EXT_texture_array GL_EXT_texture_compression_dxt1 GL_EXT_texture_compression_s3tc GL_EXT_texture_env_add GL_EXT_texture_filter_anisotropic GL_EXT_texture_integer GL_EXT_texture_lod_bias GL_EXT_texture_rectangle GL_EXT_texture_shared_exponent GL_EXT_texture_sRGB GL_EXT_transform_feedback GL_EXT_vertex_array_bgra GL_ARB_vertex_array_object GL_ATI_separate_stencil GL_ATI_texture_env_combine3 GL_ATI_texture_float GL_ATI_texture_mirror_once GL_NV_blend_square GL_NV_conditional_render GL_NV_depth_clamp GL_NV_fog_distance GL_NV_light_max_exponent GL_NV_texgen_reflection GL_SGIS_generate_mipmap GL_SGIS_texture_edge_clamp GL_SGIS_texture_lod GL_EXT_texture_env_combine GL_NV_texture_rectangle GL_EXT_texture_edge_clamp GL_ARB_map_buffer_range
18:03:04: Supported GLX extensions: GLX_ARB_get_proc_address GLX_SGIX_fbconfig GLX_EXT_texture_from_pixmap
18:03:04: ***************************
18:03:04: *** GL Renderer Started ***
18:03:04: ***************************
18:03:04: Registering ResourceManager for type GpuProgram
18:03:04: GLSL support detected
18:03:04: GL: Using GL_EXT_framebuffer_object for rendering to textures (best)
18:03:04: FBO PF_UNKNOWN depth/stencil support: D0S1 D0S4 D0S8 D0S16 D16S0 D24S0 D32S0 Packed-D24S8 
18:03:04: FBO PF_R5G6B5 depth/stencil support: D0S0 D0S1 D0S4 D0S8 D0S16 D16S0 D24S0 D32S0 Packed-D24S8 
18:03:05: FBO PF_B5G6R5 depth/stencil support: D0S0 D0S1 D0S4 D0S8 D0S16 D16S0 D24S0 D32S0 Packed-D24S8 
18:03:05: FBO PF_A4R4G4B4 depth/stencil support: D0S0 D0S1 D0S4 D0S8 D0S16 D16S0 D24S0 D32S0 Packed-D24S8 
18:03:05: FBO PF_A1R5G5B5 depth/stencil support: D0S0 D0S1 D0S4 D0S8 D0S16 D16S0 D24S0 D32S0 Packed-D24S8 
18:03:05: FBO PF_R8G8B8 depth/stencil support: D0S0 D0S1 D0S4 D0S8 D0S16 D16S0 D24S0 D32S0 Packed-D24S8 
18:03:05: FBO PF_B8G8R8 depth/stencil support: D0S0 D0S1 D0S4 D0S8 D0S16 D16S0 D24S0 D32S0 Packed-D24S8 
18:03:05: FBO PF_A8R8G8B8 depth/stencil support: D0S0 D0S1 D0S4 D0S8 D0S16 D16S0 D24S0 D32S0 Packed-D24S8 
18:03:05: FBO PF_B8G8R8A8 depth/stencil support: D0S0 D0S1 D0S4 D0S8 D0S16 D16S0 D24S0 D32S0 Packed-D24S8 
18:03:05: FBO PF_A2R10G10B10 depth/stencil support: D0S0 D0S1 D0S4 D0S8 D0S16 D16S0 D24S0 D32S0 Packed-D24S8 
18:03:06: FBO PF_A2B10G10R10 depth/stencil support: D0S0 D0S1 D0S4 D0S8 D0S16 D16S0 D24S0 D32S0 Packed-D24S8 
18:03:06: FBO PF_FLOAT16_RGB depth/stencil support: D0S0 D0S1 D0S4 D0S8 D0S16 D16S0 D24S0 D32S0 Packed-D24S8 
18:03:06: FBO PF_FLOAT16_RGBA depth/stencil support: D0S0 D0S1 D0S4 D0S8 D0S16 D16S0 D24S0 D32S0 Packed-D24S8 
18:03:06: FBO PF_FLOAT32_RGB depth/stencil support: D0S0 D0S1 D0S4 D0S8 D0S16 D16S0 D24S0 D32S0 Packed-D24S8 
18:03:06: FBO PF_FLOAT32_RGBA depth/stencil support: D0S0 D0S1 D0S4 D0S8 D0S16 D16S0 D24S0 D32S0 Packed-D24S8 
18:03:06: FBO PF_X8R8G8B8 depth/stencil support: D0S0 D0S1 D0S4 D0S8 D0S16 D16S0 D24S0 D32S0 Packed-D24S8 
18:03:06: FBO PF_X8B8G8R8 depth/stencil support: D0S0 D0S1 D0S4 D0S8 D0S16 D16S0 D24S0 D32S0 Packed-D24S8 
18:03:06: FBO PF_SHORT_RGBA depth/stencil support: D0S0 D0S1 D0S4 D0S8 D0S16 D16S0 D24S0 D32S0 Packed-D24S8 
18:03:06: FBO PF_R3G3B2 depth/stencil support: D0S0 D0S1 D0S4 D0S8 D0S16 D16S0 D24S0 D32S0 Packed-D24S8 
18:03:06: FBO PF_SHORT_RGB depth/stencil support: D0S0 D0S1 D0S4 D0S8 D0S16 D16S0 D24S0 D32S0 Packed-D24S8 
18:03:06: [GL] : Valid FBO targets PF_UNKNOWN PF_R5G6B5 PF_B5G6R5 PF_A4R4G4B4 PF_A1R5G5B5 PF_R8G8B8 PF_B8G8R8 PF_A8R8G8B8 PF_B8G8R8A8 PF_A2R10G10B10 PF_A2B10G10R10 PF_FLOAT16_RGB PF_FLOAT16_RGBA PF_FLOAT32_RGB PF_FLOAT32_RGBA PF_X8R8G8B8 PF_X8B8G8R8 PF_SHORT_RGBA PF_R3G3B2 PF_SHORT_RGB 
18:03:06: RenderSystem capabilities
18:03:06: -------------------------
18:03:06: RenderSystem Name: OpenGL Rendering Subsystem
18:03:06: GPU Vendor: intel
18:03:06: Device Name: Parallels using Intel Iris OpenGL Engine
18:03:06: Driver Version: 2.1.0.0
18:03:06:  * Fixed function pipeline: yes
18:03:06:  * Hardware generation of mipmaps: no
18:03:06:  * Texture blending: yes
18:03:06:  * Anisotropic texture filtering: yes
18:03:06:  * Dot product texture operation: yes
18:03:06:  * Cube mapping: yes
18:03:06:  * Hardware stencil buffer: yes
18:03:06:    - Stencil depth: 8
18:03:06:    - Two sided stencil support: yes
18:03:06:    - Wrap stencil values: yes
18:03:06:  * Hardware vertex / index buffers: yes
18:03:06:  * Vertex programs: yes
18:03:06:  * Number of floating-point constants for vertex programs: 1024
18:03:06:  * Number of integer constants for vertex programs: 0
18:03:06:  * Number of boolean constants for vertex programs: 0
18:03:06:  * Fragment programs: yes
18:03:06:  * Number of floating-point constants for fragment programs: 1024
18:03:06:  * Number of integer constants for fragment programs: 0
18:03:06:  * Number of boolean constants for fragment programs: 0
18:03:06:  * Geometry programs: yes
18:03:06:  * Number of floating-point constants for geometry programs: 4096
18:03:06:  * Number of integer constants for geometry programs: 0
18:03:06:  * Number of boolean constants for geometry programs: 0
18:03:06:  * Tesselation Hull programs: no
18:03:06:  * Number of floating-point constants for tesselation hull programs: 0
18:03:06:  * Number of integer constants for tesselation hull programs: 0
18:03:06:  * Number of boolean constants for tesselation hull programs: 0
18:03:06:  * Tesselation Domain programs: no
18:03:06:  * Number of floating-point constants for tesselation domain programs: 0
18:03:06:  * Number of integer constants for tesselation domain programs: 0
18:03:06:  * Number of boolean constants for tesselation domain programs: 0
18:03:06:  * Compute programs: no
18:03:06:  * Number of floating-point constants for compute programs: 0
18:03:06:  * Number of integer constants for compute programs: 0
18:03:06:  * Number of boolean constants for compute programs: 0
18:03:06:  * Supported Shader Profiles: arbfp1 arbvp1 glsl gp4gp gpu_gp nvgp4
18:03:06:  * Texture Compression: yes
18:03:06:    - DXT: yes
18:03:06:    - VTC: no
18:03:06:    - PVRTC: no
18:03:06:    - ATC: no
18:03:06:    - ETC1: no
18:03:06:    - ETC2: no
18:03:06:    - BC4/BC5: no
18:03:06:    - BC6H/BC7: no
18:03:06:  * Scissor Rectangle: yes
18:03:06:  * Hardware Occlusion Query: yes
18:03:06:  * User clip planes: yes
18:03:06:  * VET_UBYTE4 vertex element type: yes
18:03:06:  * Infinite far plane projection: yes
18:03:06:  * Hardware render-to-texture: yes
18:03:06:  * Floating point textures: yes
18:03:06:  * Non-power-of-two textures: yes
18:03:06:  * 1d textures: yes
18:03:06:  * Volume textures: yes
18:03:06:  * Multiple Render Targets: 8
18:03:06:    - With different bit depths: yes
18:03:06:  * Point Sprites: yes
18:03:06:  * Extended point parameters: yes
18:03:06:  * Max Point Size: 255.875
18:03:06:  * Vertex texture fetch: yes
18:03:06:  * Number of world matrices: 0
18:03:06:  * Number of texture units: 16
18:03:06:  * Stencil buffer depth: 8
18:03:06:  * Number of vertex blend matrices: 0
18:03:06:    - Max vertex textures: 16
18:03:06:    - Vertex textures shared: yes
18:03:06:  * Render to Vertex Buffer : no
18:03:06:  * Hardware Atomic Counters: no
18:03:06:  * GL 1.5 without VBO workaround: no
18:03:06:  * Frame Buffer objects: yes
18:03:06:  * Frame Buffer objects (ARB extension): no
18:03:06:  * Frame Buffer objects (ATI extension): no
18:03:06:  * PBuffer support: yes
18:03:06:  * GL 1.5 without HW-occlusion workaround: no
18:03:06:  * Vertex Array Objects: no
18:03:06:  * Separate shader objects: no
18:03:06: DefaultWorkQueue('Root') initialising on thread 7fc8c0467280.
18:03:06: DefaultWorkQueue('Root')::WorkerFunc - thread 7fc88e065700 starting.
18:03:06: DefaultWorkQueue('Root')::WorkerFunc - thread 7fc88d864700 starting.
18:03:06: DefaultWorkQueue('Root')::WorkerFunc - thread 7fc88d063700 starting.
18:03:06: DefaultWorkQueue('Root')::WorkerFunc - thread 7fc88c862700 starting.
18:03:06: Particle Renderer Type 'billboard' registered
18:03:06: SceneManagerFactory for type 'BspSceneManager' registered.
18:03:06: Registering ResourceManager for type BspLevel
18:03:06: SceneManagerFactory for type 'OctreeSceneManager' registered.
18:03:06: Parsing scripts for resource group Animations
18:03:06: Finished parsing scripts for resource group Animations
18:03:06: Creating resources for group Animations
18:03:06: All done
18:03:06: Parsing scripts for resource group Autodetect
18:03:06: Finished parsing scripts for resource group Autodetect
18:03:06: Creating resources for group Autodetect
18:03:06: All done
18:03:06: Parsing scripts for resource group Fonts
18:03:06: Parsing script Gazebo.fontdef
18:03:06: Finished parsing scripts for resource group Fonts
18:03:06: Creating resources for group Fonts
18:03:06: All done
18:03:06: Parsing scripts for resource group General
18:03:06: Parsing script ShadowCaster.program
18:03:06: Parsing script shadow_caster.program
18:03:06: Parsing script perpixel.program
18:03:06: Parsing script deferred_post.program
18:03:06: Parsing script VPL.program
18:03:06: Parsing script VPL.material
18:03:06: Parsing script ssao.material
18:03:06: Parsing script deferred_post_minilight.material
18:03:06: Parsing script gazebo.material
18:03:06: Parsing script kitchen.material
18:03:06: Parsing script ShadowCaster.material
18:03:06: Parsing script grid.material
18:03:06: Parsing script deferred_post.material
18:03:06: Parsing script blur.material
18:03:06: Parsing script picker.material
18:03:06: Parsing script oculus.material
18:03:06: Parsing script noise.compositor
18:03:06: Parsing script WideCameraLensMap.compositor
18:03:06: Parsing script ssao.compositor
18:03:06: Parsing script deferred.compositor
18:03:06: Parsing script blur.compositor
18:03:06: Parsing script distortion.compositor
18:03:06: Finished parsing scripts for resource group General
18:03:06: Creating resources for group General
18:03:06: All done
18:03:06: Parsing scripts for resource group Imagesets
18:03:06: Finished parsing scripts for resource group Imagesets
18:03:06: Creating resources for group Imagesets
18:03:06: All done
18:03:06: Parsing scripts for resource group Internal
18:03:06: Finished parsing scripts for resource group Internal
18:03:06: Creating resources for group Internal
18:03:06: All done
18:03:06: Parsing scripts for resource group Layouts
18:03:06: Finished parsing scripts for resource group Layouts
18:03:06: Creating resources for group Layouts
18:03:06: All done
18:03:06: Parsing scripts for resource group LookNFeel
18:03:06: Finished parsing scripts for resource group LookNFeel
18:03:06: Creating resources for group LookNFeel
18:03:06: All done
18:03:06: Parsing scripts for resource group Schemes
18:03:06: Finished parsing scripts for resource group Schemes
18:03:06: Creating resources for group Schemes
18:03:06: All done
18:03:06: Parsing scripts for resource group SkyX
18:03:06: Parsing script SkyX.material
18:03:06: Finished parsing scripts for resource group SkyX
18:03:06: Creating resources for group SkyX
18:03:06: All done
18:03:06: Added resource location '/usr/share/gazebo-7/media/rtshaderlib/' of type 'FileSystem' to resource group 'General'
18:03:06: Creating resource group ShaderGeneratorResourceGroup
18:03:06: Added resource location '/tmp/gazebo-parallels-rtshaderlibcache/' of type 'FileSystem' to resource group 'ShaderGeneratorResourceGroup'
18:03:07: Can't assign material _NULL_ to SubEntity of SkyXMeshEnt because this Material does not exist. Have you forgotten to define it in a .material script?
18:03:07: Texture: SkyX_Starfield.png: Loading 1 faces(PF_A8R8G8B8,512x512x1) with 5 generated mipmaps from Image. Internal format is PF_A8R8G8B8,512x512x1.
18:03:07: Texture: SkyX_Moon.png: Loading 1 faces(PF_A8R8G8B8,512x512x1) with 5 generated mipmaps from Image. Internal format is PF_A8R8G8B8,512x512x1.
18:03:07: Texture: SkyX_MoonHalo.png: Loading 1 faces(PF_SHORT_RGBA,512x256x1) with 5 generated mipmaps from Image. Internal format is PF_SHORT_RGBA,512x256x1.
18:03:08: Texture: Noise.jpg: Loading 1 faces(PF_R8G8B8,1024x1024x1) with 5 generated mipmaps from Image. Internal format is PF_X8R8G8B8,1024x1024x1.
18:03:09: GLRenderSystem::_createRenderWindow "OgreWindow(1)", 3068x2023 windowed  miscParams: FSAA=4 macAPI=carbon parentWindowHandle=15645696:0:71303202 stereoMode=Frame Sequential 
18:03:09: GLXWindow::create used FBConfigID = 106
18:03:10: Texture: spot_shadow_fade.png: Loading 1 faces(PF_R8G8B8,128x128x1) with 5 generated mipmaps from Image. Internal format is PF_X8R8G8B8,128x128x1.
18:03:10: [SkyX] VClouds warning: unregistered camera registered, manual unregistering is needed before camera destruction
18:03:10: Vertex Program:f3fd1f8e-bb1b-bbbc-9ec4-bee83f543bae_VS Fragment Program:972ed71c-b186-da97-6f28-158997403fb7_FS, Error linking program: ERROR: One or more attached shaders not successfully compiled
Validation Failed: Link error:
  Program is not successfully linked.

18:03:18: Added resource location '/home/parallels/.gazebo/models/create/meshes' of type 'FileSystem' to resource group 'General' with recursive option
18:03:18: Initialising resource group General
18:03:18: Added resource location '/home/parallels/.gazebo/models/create/meshes/../materials/textures' of type 'FileSystem' to resource group 'General' with recursive option
18:03:18: Initialising resource group General
18:03:18: Texture: /home/parallels/.gazebo/models/create/meshes/../materials/textures/create_body.png: Loading 1 faces(PF_A8R8G8B8,1024x1024x1) with 5 generated mipmaps from Image. Internal format is PF_A8R8G8B8,1024x1024x1.
18:03:18: Vertex Program:46ba6d8f-f5eb-a471-7f39-8d3289b2f256_VS Fragment Program:0ad39b36-510e-cbca-a690-6778fccbc173_FS, Error linking program: ERROR: One or more attached shaders not successfully compiled
Validation Failed: Link error:
  Program is not successfully linked.

18:03:18: Vertex Program:221e2755-4486-8a97-d977-5ba01af4c0b1_VS Fragment Program:4f084734-b8bf-71f1-fe0b-fb5ec65c25b7_FS, Error linking program: ERROR: One or more attached shaders not successfully compiled
Validation Failed: Link error:
  Program is not successfully linked.

18:03:18: Added resource location '/home/parallels/.gazebo/models/hokuyo/meshes' of type 'FileSystem' to resource group 'General' with recursive option
18:03:18: Initialising resource group General
18:03:26: Added resource location '/home/parallels/.gazebo/models/willowgarage/meshes' of type 'FileSystem' to resource group 'General' with recursive option
18:03:26: Initialising resource group General
18:03:26: Added resource location '/home/parallels/.gazebo/models/willowgarage/meshes/../materials/textures' of type 'FileSystem' to resource group 'General' with recursive option
18:03:26: Initialising resource group General
18:03:26: Texture: /home/parallels/.gazebo/models/willowgarage/meshes/../materials/textures/__auto_2.png: Loading 1 faces(PF_L8,512x512x1) with 5 generated mipmaps from Image. Internal format is PF_L8,512x512x1.
18:03:26: Texture: /home/parallels/.gazebo/models/willowgarage/meshes/../materials/textures/Stone_Brushed_Khaki_.png: Loading 1 faces(PF_R8G8B8,256x256x1) with 5 generated mipmaps from Image. Internal format is PF_X8R8G8B8,256x256x1.
18:03:26: Texture: /home/parallels/.gazebo/models/willowgarage/meshes/../materials/textures/__auto_12.png: Loading 1 faces(PF_L8,512x512x1) with 5 generated mipmaps from Image. Internal format is PF_L8,512x512x1.
18:03:26: Texture: /home/parallels/.gazebo/models/willowgarage/meshes/../materials/textures/__Wood_Bamboo_Medium_1.png: Loading 1 faces(PF_R8G8B8,256x256x1) with 5 generated mipmaps from Image. Internal format is PF_X8R8G8B8,256x256x1.
18:03:26: Texture: /home/parallels/.gazebo/models/willowgarage/meshes/../materials/textures/Wood_Bamboo_Medium_.png: Loading 1 faces(PF_R8G8B8,256x256x1) with 5 generated mipmaps from Image. Internal format is PF_X8R8G8B8,256x256x1.
18:03:26: Texture: /home/parallels/.gazebo/models/willowgarage/meshes/../materials/textures/Wood_Cherry_Original_.png: Loading 1 faces(PF_R8G8B8,256x256x1) with 5 generated mipmaps from Image. Internal format is PF_X8R8G8B8,256x256x1.
18:03:26: Texture: /home/parallels/.gazebo/models/willowgarage/meshes/../materials/textures/Carpet_Berber_Pattern_Gray_.png: Loading 1 faces(PF_L8,256x256x1) with 5 generated mipmaps from Image. Internal format is PF_L8,256x256x1.
